2021-09-26 14:39:37,368  INFO [main] inetBankingV1:18 - URL is open on browser
 2021-09-26 14:39:37,666  INFO [main] inetBankingV1:23 - Entered username
 2021-09-26 14:39:37,893  INFO [main] inetBankingV1:25 - Entered password
 2021-09-26 14:39:39,500  INFO [main] inetBankingV1:27 - Logged in to application
 2021-09-26 14:39:39,540  INFO [main] inetBankingV1:34 - LoginTest Passed
 2021-09-26 16:17:42,463  INFO [main] inetBankingV1:18 - URL is open on browser
 2021-09-26 16:18:38,899  INFO [main] inetBankingV1:18 - URL is open on browser
 2021-09-26 16:18:39,309  INFO [main] inetBankingV1:23 - Entered username
 2021-09-26 16:18:39,473  INFO [main] inetBankingV1:25 - Entered password
 2021-09-26 16:18:41,169  INFO [main] inetBankingV1:27 - Logged in to application
 2021-09-26 16:18:41,195  INFO [main] inetBankingV1:34 - LoginTest Passed
 2021-09-26 21:26:04,184  INFO [main] inetBankingV1:18 - URL is open on browser
 2021-09-26 21:26:08,022  INFO [main] inetBankingV1:23 - Entered username
 2021-09-26 21:26:08,198  INFO [main] inetBankingV1:25 - Entered password
 2021-09-26 21:26:09,956  INFO [main] inetBankingV1:27 - Logged in to application
 2021-09-26 21:26:09,977  INFO [main] inetBankingV1:34 - LoginTest Passed
 2021-09-26 21:27:26,828  INFO [main] inetBankingV1:18 - URL is open on browser
 2021-09-26 21:27:27,272  INFO [main] inetBankingV1:23 - Entered username
 2021-09-26 21:27:27,508  INFO [main] inetBankingV1:25 - Entered password
 2021-09-26 21:27:29,307  INFO [main] inetBankingV1:27 - Logged in to application
 2021-09-26 21:27:29,356  INFO [main] inetBankingV1:34 - LoginTest Passed
 2021-09-26 22:48:50,228  INFO [main] inetBankingV1:18 - URL is open on browser
 2021-09-26 22:48:51,882  INFO [main] inetBankingV1:23 - Entered username
 2021-09-26 22:48:52,269  INFO [main] inetBankingV1:25 - Entered password
 2021-09-26 22:48:54,476  INFO [main] inetBankingV1:27 - Logged in to application
 2021-09-26 22:48:54,577  INFO [main] inetBankingV1:34 - LoginTest Passed
 2021-09-26 22:48:56,407 DEBUG [main] cache:45 - Couldn't find template in cache for "index.ftl"("en", UTF-8, parsed); will try to load it.
 2021-09-26 22:48:56,410 DEBUG [main] cache:45 - TemplateLoader.findTemplateSource("index_en.ftl"): Not found
 2021-09-26 22:48:56,448 DEBUG [main] cache:45 - TemplateLoader.findTemplateSource("index.ftl"): Found
 2021-09-26 22:48:56,449 DEBUG [main] cache:45 - Loading template for "index.ftl"("en", UTF-8, parsed) from "jar:file:/C:/Users/Gangadhar%20Vemoori/.m2/repository/com/aventstack/extentreports/3.1.5/extentreports-3.1.5.jar!/com/aventstack/extentreports/view/html-report/index.ftl"
 2021-09-26 22:48:57,118 DEBUG [main] cache:45 - Couldn't find template in cache for "head.ftl"("en", UTF-8, parsed); will try to load it.
 2021-09-26 22:48:57,121 DEBUG [main] cache:45 - TemplateLoader.findTemplateSource("head_en.ftl"): Not found
 2021-09-26 22:48:57,134 DEBUG [main] cache:45 - TemplateLoader.findTemplateSource("head.ftl"): Found
 2021-09-26 22:48:57,134 DEBUG [main] cache:45 - Loading template for "head.ftl"("en", UTF-8, parsed) from "jar:file:/C:/Users/Gangadhar%20Vemoori/.m2/repository/com/aventstack/extentreports/3.1.5/extentreports-3.1.5.jar!/com/aventstack/extentreports/view/html-report/head.ftl"
 2021-09-26 22:48:57,140 DEBUG [main] cache:45 - Couldn't find template in cache for "nav.ftl"("en", UTF-8, parsed); will try to load it.
 2021-09-26 22:48:57,142 DEBUG [main] cache:45 - TemplateLoader.findTemplateSource("nav_en.ftl"): Not found
 2021-09-26 22:48:57,143 DEBUG [main] cache:45 - TemplateLoader.findTemplateSource("nav.ftl"): Found
 2021-09-26 22:48:57,146 DEBUG [main] cache:45 - Loading template for "nav.ftl"("en", UTF-8, parsed) from "jar:file:/C:/Users/Gangadhar%20Vemoori/.m2/repository/com/aventstack/extentreports/3.1.5/extentreports-3.1.5.jar!/com/aventstack/extentreports/view/html-report/nav.ftl"
 2021-09-26 22:48:57,161 DEBUG [main] cache:45 - Couldn't find template in cache for "test-view/test-view.ftl"("en", UTF-8, parsed); will try to load it.
 2021-09-26 22:48:57,162 DEBUG [main] cache:45 - TemplateLoader.findTemplateSource("test-view/test-view_en.ftl"): Not found
 2021-09-26 22:48:57,163 DEBUG [main] cache:45 - TemplateLoader.findTemplateSource("test-view/test-view.ftl"): Found
 2021-09-26 22:48:57,164 DEBUG [main] cache:45 - Loading template for "test-view/test-view.ftl"("en", UTF-8, parsed) from "jar:file:/C:/Users/Gangadhar%20Vemoori/.m2/repository/com/aventstack/extentreports/3.1.5/extentreports-3.1.5.jar!/com/aventstack/extentreports/view/html-report/test-view/test-view.ftl"
 2021-09-26 22:48:57,181 DEBUG [main] cache:45 - Couldn't find template in cache for "test-view/test-view-charts.ftl"("en", UTF-8, parsed); will try to load it.
 2021-09-26 22:48:57,183 DEBUG [main] cache:45 - TemplateLoader.findTemplateSource("test-view/test-view-charts_en.ftl"): Not found
 2021-09-26 22:48:57,184 DEBUG [main] cache:45 - TemplateLoader.findTemplateSource("test-view/test-view-charts.ftl"): Found
 2021-09-26 22:48:57,185 DEBUG [main] cache:45 - Loading template for "test-view/test-view-charts.ftl"("en", UTF-8, parsed) from "jar:file:/C:/Users/Gangadhar%20Vemoori/.m2/repository/com/aventstack/extentreports/3.1.5/extentreports-3.1.5.jar!/com/aventstack/extentreports/view/html-report/test-view/test-view-charts.ftl"
 2021-09-26 22:48:57,206 DEBUG [main] cache:45 - Couldn't find template in cache for "test-view/standard.ftl"("en", UTF-8, parsed); will try to load it.
 2021-09-26 22:48:57,207 DEBUG [main] cache:45 - TemplateLoader.findTemplateSource("test-view/standard_en.ftl"): Not found
 2021-09-26 22:48:57,208 DEBUG [main] cache:45 - TemplateLoader.findTemplateSource("test-view/standard.ftl"): Found
 2021-09-26 22:48:57,209 DEBUG [main] cache:45 - Loading template for "test-view/standard.ftl"("en", UTF-8, parsed) from "jar:file:/C:/Users/Gangadhar%20Vemoori/.m2/repository/com/aventstack/extentreports/3.1.5/extentreports-3.1.5.jar!/com/aventstack/extentreports/view/html-report/test-view/standard.ftl"
 2021-09-26 22:48:57,240 DEBUG [main] cache:45 - Couldn't find template in cache for "category-view/category-view.ftl"("en", UTF-8, parsed); will try to load it.
 2021-09-26 22:48:57,242 DEBUG [main] cache:45 - TemplateLoader.findTemplateSource("category-view/category-view_en.ftl"): Not found
 2021-09-26 22:48:57,243 DEBUG [main] cache:45 - TemplateLoader.findTemplateSource("category-view/category-view.ftl"): Found
 2021-09-26 22:48:57,244 DEBUG [main] cache:45 - Loading template for "category-view/category-view.ftl"("en", UTF-8, parsed) from "jar:file:/C:/Users/Gangadhar%20Vemoori/.m2/repository/com/aventstack/extentreports/3.1.5/extentreports-3.1.5.jar!/com/aventstack/extentreports/view/html-report/category-view/category-view.ftl"
 2021-09-26 22:48:57,252 DEBUG [main] cache:45 - Couldn't find template in cache for "author-view/author-view.ftl"("en", UTF-8, parsed); will try to load it.
 2021-09-26 22:48:57,449 DEBUG [main] cache:45 - TemplateLoader.findTemplateSource("author-view/author-view_en.ftl"): Not found
 2021-09-26 22:48:57,501 DEBUG [main] cache:45 - TemplateLoader.findTemplateSource("author-view/author-view.ftl"): Found
 2021-09-26 22:48:57,503 DEBUG [main] cache:45 - Loading template for "author-view/author-view.ftl"("en", UTF-8, parsed) from "jar:file:/C:/Users/Gangadhar%20Vemoori/.m2/repository/com/aventstack/extentreports/3.1.5/extentreports-3.1.5.jar!/com/aventstack/extentreports/view/html-report/author-view/author-view.ftl"
 2021-09-26 22:48:57,551 DEBUG [main] cache:45 - Couldn't find template in cache for "exception-view/exception-view.ftl"("en", UTF-8, parsed); will try to load it.
 2021-09-26 22:48:57,555 DEBUG [main] cache:45 - TemplateLoader.findTemplateSource("exception-view/exception-view_en.ftl"): Not found
 2021-09-26 22:48:57,558 DEBUG [main] cache:45 - TemplateLoader.findTemplateSource("exception-view/exception-view.ftl"): Found
 2021-09-26 22:48:57,560 DEBUG [main] cache:45 - Loading template for "exception-view/exception-view.ftl"("en", UTF-8, parsed) from "jar:file:/C:/Users/Gangadhar%20Vemoori/.m2/repository/com/aventstack/extentreports/3.1.5/extentreports-3.1.5.jar!/com/aventstack/extentreports/view/html-report/exception-view/exception-view.ftl"
 2021-09-26 22:48:57,571 DEBUG [main] cache:45 - Couldn't find template in cache for "dashboard-view/dashboard-view.ftl"("en", UTF-8, parsed); will try to load it.
 2021-09-26 22:48:57,573 DEBUG [main] cache:45 - TemplateLoader.findTemplateSource("dashboard-view/dashboard-view_en.ftl"): Not found
 2021-09-26 22:48:57,575 DEBUG [main] cache:45 - TemplateLoader.findTemplateSource("dashboard-view/dashboard-view.ftl"): Found
 2021-09-26 22:48:57,576 DEBUG [main] cache:45 - Loading template for "dashboard-view/dashboard-view.ftl"("en", UTF-8, parsed) from "jar:file:/C:/Users/Gangadhar%20Vemoori/.m2/repository/com/aventstack/extentreports/3.1.5/extentreports-3.1.5.jar!/com/aventstack/extentreports/view/html-report/dashboard-view/dashboard-view.ftl"
 2021-09-26 22:48:57,617 DEBUG [main] cache:45 - Couldn't find template in cache for "logs-view/testrunner-logs-view.ftl"("en", UTF-8, parsed); will try to load it.
 2021-09-26 22:48:57,621 DEBUG [main] cache:45 - TemplateLoader.findTemplateSource("logs-view/testrunner-logs-view_en.ftl"): Not found
 2021-09-26 22:48:57,623 DEBUG [main] cache:45 - TemplateLoader.findTemplateSource("logs-view/testrunner-logs-view.ftl"): Found
 2021-09-26 22:48:57,624 DEBUG [main] cache:45 - Loading template for "logs-view/testrunner-logs-view.ftl"("en", UTF-8, parsed) from "jar:file:/C:/Users/Gangadhar%20Vemoori/.m2/repository/com/aventstack/extentreports/3.1.5/extentreports-3.1.5.jar!/com/aventstack/extentreports/view/html-report/logs-view/testrunner-logs-view.ftl"
 2021-09-26 22:54:27,271  INFO [main] inetBankingV1:18 - URL is open on browser
 2021-09-26 22:54:28,342  INFO [main] inetBankingV1:23 - Entered username
 2021-09-26 22:54:28,620  INFO [main] inetBankingV1:25 - Entered password
 2021-09-26 22:54:30,519  INFO [main] inetBankingV1:27 - Logged in to application
 2021-09-26 22:54:30,651  INFO [main] inetBankingV1:34 - LoginTest Passed
 2021-09-26 22:54:31,886 DEBUG [main] cache:45 - Couldn't find template in cache for "index.ftl"("en", UTF-8, parsed); will try to load it.
 2021-09-26 22:54:31,889 DEBUG [main] cache:45 - TemplateLoader.findTemplateSource("index_en.ftl"): Not found
 2021-09-26 22:54:31,924 DEBUG [main] cache:45 - TemplateLoader.findTemplateSource("index.ftl"): Found
 2021-09-26 22:54:31,925 DEBUG [main] cache:45 - Loading template for "index.ftl"("en", UTF-8, parsed) from "jar:file:/C:/Users/Gangadhar%20Vemoori/.m2/repository/com/aventstack/extentreports/3.1.5/extentreports-3.1.5.jar!/com/aventstack/extentreports/view/html-report/index.ftl"
 2021-09-26 22:54:32,643 DEBUG [main] cache:45 - Couldn't find template in cache for "head.ftl"("en", UTF-8, parsed); will try to load it.
 2021-09-26 22:54:32,653 DEBUG [main] cache:45 - TemplateLoader.findTemplateSource("head_en.ftl"): Not found
 2021-09-26 22:54:32,665 DEBUG [main] cache:45 - TemplateLoader.findTemplateSource("head.ftl"): Found
 2021-09-26 22:54:32,666 DEBUG [main] cache:45 - Loading template for "head.ftl"("en", UTF-8, parsed) from "jar:file:/C:/Users/Gangadhar%20Vemoori/.m2/repository/com/aventstack/extentreports/3.1.5/extentreports-3.1.5.jar!/com/aventstack/extentreports/view/html-report/head.ftl"
 2021-09-26 22:54:32,672 DEBUG [main] cache:45 - Couldn't find template in cache for "nav.ftl"("en", UTF-8, parsed); will try to load it.
 2021-09-26 22:54:32,678 DEBUG [main] cache:45 - TemplateLoader.findTemplateSource("nav_en.ftl"): Not found
 2021-09-26 22:54:32,679 DEBUG [main] cache:45 - TemplateLoader.findTemplateSource("nav.ftl"): Found
 2021-09-26 22:54:32,684 DEBUG [main] cache:45 - Loading template for "nav.ftl"("en", UTF-8, parsed) from "jar:file:/C:/Users/Gangadhar%20Vemoori/.m2/repository/com/aventstack/extentreports/3.1.5/extentreports-3.1.5.jar!/com/aventstack/extentreports/view/html-report/nav.ftl"
 2021-09-26 22:54:32,700 DEBUG [main] cache:45 - Couldn't find template in cache for "test-view/test-view.ftl"("en", UTF-8, parsed); will try to load it.
 2021-09-26 22:54:32,701 DEBUG [main] cache:45 - TemplateLoader.findTemplateSource("test-view/test-view_en.ftl"): Not found
 2021-09-26 22:54:32,702 DEBUG [main] cache:45 - TemplateLoader.findTemplateSource("test-view/test-view.ftl"): Found
 2021-09-26 22:54:32,706 DEBUG [main] cache:45 - Loading template for "test-view/test-view.ftl"("en", UTF-8, parsed) from "jar:file:/C:/Users/Gangadhar%20Vemoori/.m2/repository/com/aventstack/extentreports/3.1.5/extentreports-3.1.5.jar!/com/aventstack/extentreports/view/html-report/test-view/test-view.ftl"
 2021-09-26 22:54:32,730 DEBUG [main] cache:45 - Couldn't find template in cache for "test-view/test-view-charts.ftl"("en", UTF-8, parsed); will try to load it.
 2021-09-26 22:54:32,731 DEBUG [main] cache:45 - TemplateLoader.findTemplateSource("test-view/test-view-charts_en.ftl"): Not found
 2021-09-26 22:54:32,733 DEBUG [main] cache:45 - TemplateLoader.findTemplateSource("test-view/test-view-charts.ftl"): Found
 2021-09-26 22:54:32,733 DEBUG [main] cache:45 - Loading template for "test-view/test-view-charts.ftl"("en", UTF-8, parsed) from "jar:file:/C:/Users/Gangadhar%20Vemoori/.m2/repository/com/aventstack/extentreports/3.1.5/extentreports-3.1.5.jar!/com/aventstack/extentreports/view/html-report/test-view/test-view-charts.ftl"
 2021-09-26 22:54:32,762 DEBUG [main] cache:45 - Couldn't find template in cache for "test-view/standard.ftl"("en", UTF-8, parsed); will try to load it.
 2021-09-26 22:54:32,763 DEBUG [main] cache:45 - TemplateLoader.findTemplateSource("test-view/standard_en.ftl"): Not found
 2021-09-26 22:54:32,764 DEBUG [main] cache:45 - TemplateLoader.findTemplateSource("test-view/standard.ftl"): Found
 2021-09-26 22:54:32,765 DEBUG [main] cache:45 - Loading template for "test-view/standard.ftl"("en", UTF-8, parsed) from "jar:file:/C:/Users/Gangadhar%20Vemoori/.m2/repository/com/aventstack/extentreports/3.1.5/extentreports-3.1.5.jar!/com/aventstack/extentreports/view/html-report/test-view/standard.ftl"
 2021-09-26 22:54:32,794 DEBUG [main] cache:45 - Couldn't find template in cache for "category-view/category-view.ftl"("en", UTF-8, parsed); will try to load it.
 2021-09-26 22:54:32,795 DEBUG [main] cache:45 - TemplateLoader.findTemplateSource("category-view/category-view_en.ftl"): Not found
 2021-09-26 22:54:32,796 DEBUG [main] cache:45 - TemplateLoader.findTemplateSource("category-view/category-view.ftl"): Found
 2021-09-26 22:54:32,796 DEBUG [main] cache:45 - Loading template for "category-view/category-view.ftl"("en", UTF-8, parsed) from "jar:file:/C:/Users/Gangadhar%20Vemoori/.m2/repository/com/aventstack/extentreports/3.1.5/extentreports-3.1.5.jar!/com/aventstack/extentreports/view/html-report/category-view/category-view.ftl"
 2021-09-26 22:54:32,803 DEBUG [main] cache:45 - Couldn't find template in cache for "author-view/author-view.ftl"("en", UTF-8, parsed); will try to load it.
 2021-09-26 22:54:32,805 DEBUG [main] cache:45 - TemplateLoader.findTemplateSource("author-view/author-view_en.ftl"): Not found
 2021-09-26 22:54:32,807 DEBUG [main] cache:45 - TemplateLoader.findTemplateSource("author-view/author-view.ftl"): Found
 2021-09-26 22:54:32,808 DEBUG [main] cache:45 - Loading template for "author-view/author-view.ftl"("en", UTF-8, parsed) from "jar:file:/C:/Users/Gangadhar%20Vemoori/.m2/repository/com/aventstack/extentreports/3.1.5/extentreports-3.1.5.jar!/com/aventstack/extentreports/view/html-report/author-view/author-view.ftl"
 2021-09-26 22:54:32,818 DEBUG [main] cache:45 - Couldn't find template in cache for "exception-view/exception-view.ftl"("en", UTF-8, parsed); will try to load it.
 2021-09-26 22:54:32,822 DEBUG [main] cache:45 - TemplateLoader.findTemplateSource("exception-view/exception-view_en.ftl"): Not found
 2021-09-26 22:54:32,823 DEBUG [main] cache:45 - TemplateLoader.findTemplateSource("exception-view/exception-view.ftl"): Found
 2021-09-26 22:54:32,824 DEBUG [main] cache:45 - Loading template for "exception-view/exception-view.ftl"("en", UTF-8, parsed) from "jar:file:/C:/Users/Gangadhar%20Vemoori/.m2/repository/com/aventstack/extentreports/3.1.5/extentreports-3.1.5.jar!/com/aventstack/extentreports/view/html-report/exception-view/exception-view.ftl"
 2021-09-26 22:54:32,837 DEBUG [main] cache:45 - Couldn't find template in cache for "dashboard-view/dashboard-view.ftl"("en", UTF-8, parsed); will try to load it.
 2021-09-26 22:54:32,839 DEBUG [main] cache:45 - TemplateLoader.findTemplateSource("dashboard-view/dashboard-view_en.ftl"): Not found
 2021-09-26 22:54:32,840 DEBUG [main] cache:45 - TemplateLoader.findTemplateSource("dashboard-view/dashboard-view.ftl"): Found
 2021-09-26 22:54:32,841 DEBUG [main] cache:45 - Loading template for "dashboard-view/dashboard-view.ftl"("en", UTF-8, parsed) from "jar:file:/C:/Users/Gangadhar%20Vemoori/.m2/repository/com/aventstack/extentreports/3.1.5/extentreports-3.1.5.jar!/com/aventstack/extentreports/view/html-report/dashboard-view/dashboard-view.ftl"
 2021-09-26 22:54:32,870 DEBUG [main] cache:45 - Couldn't find template in cache for "logs-view/testrunner-logs-view.ftl"("en", UTF-8, parsed); will try to load it.
 2021-09-26 22:54:32,871 DEBUG [main] cache:45 - TemplateLoader.findTemplateSource("logs-view/testrunner-logs-view_en.ftl"): Not found
 2021-09-26 22:54:32,873 DEBUG [main] cache:45 - TemplateLoader.findTemplateSource("logs-view/testrunner-logs-view.ftl"): Found
 2021-09-26 22:54:32,877 DEBUG [main] cache:45 - Loading template for "logs-view/testrunner-logs-view.ftl"("en", UTF-8, parsed) from "jar:file:/C:/Users/Gangadhar%20Vemoori/.m2/repository/com/aventstack/extentreports/3.1.5/extentreports-3.1.5.jar!/com/aventstack/extentreports/view/html-report/logs-view/testrunner-logs-view.ftl"
 2021-09-26 23:00:20,996  INFO [main] inetBankingV1:18 - URL is open on browser
 2021-09-26 23:00:21,261  INFO [main] inetBankingV1:23 - Entered username
 2021-09-26 23:00:21,426  INFO [main] inetBankingV1:25 - Entered password
 2021-09-26 23:00:23,039  INFO [main] inetBankingV1:27 - Logged in to application
 2021-09-26 23:00:23,066  INFO [main] inetBankingV1:34 - LoginTest Passed
 2021-09-26 23:00:23,608 DEBUG [main] cache:45 - Couldn't find template in cache for "index.ftl"("en", UTF-8, parsed); will try to load it.
 2021-09-26 23:00:23,611 DEBUG [main] cache:45 - TemplateLoader.findTemplateSource("index_en.ftl"): Not found
 2021-09-26 23:00:23,615 DEBUG [main] cache:45 - TemplateLoader.findTemplateSource("index.ftl"): Found
 2021-09-26 23:00:23,617 DEBUG [main] cache:45 - Loading template for "index.ftl"("en", UTF-8, parsed) from "jar:file:/C:/Users/Gangadhar%20Vemoori/.m2/repository/com/aventstack/extentreports/3.1.5/extentreports-3.1.5.jar!/com/aventstack/extentreports/view/html-report/index.ftl"
 2021-09-26 23:00:23,948 DEBUG [main] cache:45 - Couldn't find template in cache for "head.ftl"("en", UTF-8, parsed); will try to load it.
 2021-09-26 23:00:23,950 DEBUG [main] cache:45 - TemplateLoader.findTemplateSource("head_en.ftl"): Not found
 2021-09-26 23:00:23,952 DEBUG [main] cache:45 - TemplateLoader.findTemplateSource("head.ftl"): Found
 2021-09-26 23:00:23,953 DEBUG [main] cache:45 - Loading template for "head.ftl"("en", UTF-8, parsed) from "jar:file:/C:/Users/Gangadhar%20Vemoori/.m2/repository/com/aventstack/extentreports/3.1.5/extentreports-3.1.5.jar!/com/aventstack/extentreports/view/html-report/head.ftl"
 2021-09-26 23:00:23,971 DEBUG [main] cache:45 - Couldn't find template in cache for "nav.ftl"("en", UTF-8, parsed); will try to load it.
 2021-09-26 23:00:23,973 DEBUG [main] cache:45 - TemplateLoader.findTemplateSource("nav_en.ftl"): Not found
 2021-09-26 23:00:23,974 DEBUG [main] cache:45 - TemplateLoader.findTemplateSource("nav.ftl"): Found
 2021-09-26 23:00:23,977 DEBUG [main] cache:45 - Loading template for "nav.ftl"("en", UTF-8, parsed) from "jar:file:/C:/Users/Gangadhar%20Vemoori/.m2/repository/com/aventstack/extentreports/3.1.5/extentreports-3.1.5.jar!/com/aventstack/extentreports/view/html-report/nav.ftl"
 2021-09-26 23:00:23,994 DEBUG [main] cache:45 - Couldn't find template in cache for "test-view/test-view.ftl"("en", UTF-8, parsed); will try to load it.
 2021-09-26 23:00:23,996 DEBUG [main] cache:45 - TemplateLoader.findTemplateSource("test-view/test-view_en.ftl"): Not found
 2021-09-26 23:00:23,997 DEBUG [main] cache:45 - TemplateLoader.findTemplateSource("test-view/test-view.ftl"): Found
 2021-09-26 23:00:23,998 DEBUG [main] cache:45 - Loading template for "test-view/test-view.ftl"("en", UTF-8, parsed) from "jar:file:/C:/Users/Gangadhar%20Vemoori/.m2/repository/com/aventstack/extentreports/3.1.5/extentreports-3.1.5.jar!/com/aventstack/extentreports/view/html-report/test-view/test-view.ftl"
 2021-09-26 23:00:24,022 DEBUG [main] cache:45 - Couldn't find template in cache for "test-view/test-view-charts.ftl"("en", UTF-8, parsed); will try to load it.
 2021-09-26 23:00:24,023 DEBUG [main] cache:45 - TemplateLoader.findTemplateSource("test-view/test-view-charts_en.ftl"): Not found
 2021-09-26 23:00:24,025 DEBUG [main] cache:45 - TemplateLoader.findTemplateSource("test-view/test-view-charts.ftl"): Found
 2021-09-26 23:00:24,026 DEBUG [main] cache:45 - Loading template for "test-view/test-view-charts.ftl"("en", UTF-8, parsed) from "jar:file:/C:/Users/Gangadhar%20Vemoori/.m2/repository/com/aventstack/extentreports/3.1.5/extentreports-3.1.5.jar!/com/aventstack/extentreports/view/html-report/test-view/test-view-charts.ftl"
 2021-09-26 23:00:24,057 DEBUG [main] cache:45 - Couldn't find template in cache for "test-view/standard.ftl"("en", UTF-8, parsed); will try to load it.
 2021-09-26 23:00:24,059 DEBUG [main] cache:45 - TemplateLoader.findTemplateSource("test-view/standard_en.ftl"): Not found
 2021-09-26 23:00:24,060 DEBUG [main] cache:45 - TemplateLoader.findTemplateSource("test-view/standard.ftl"): Found
 2021-09-26 23:00:24,060 DEBUG [main] cache:45 - Loading template for "test-view/standard.ftl"("en", UTF-8, parsed) from "jar:file:/C:/Users/Gangadhar%20Vemoori/.m2/repository/com/aventstack/extentreports/3.1.5/extentreports-3.1.5.jar!/com/aventstack/extentreports/view/html-report/test-view/standard.ftl"
 2021-09-26 23:00:24,094 DEBUG [main] cache:45 - Couldn't find template in cache for "category-view/category-view.ftl"("en", UTF-8, parsed); will try to load it.
 2021-09-26 23:00:24,095 DEBUG [main] cache:45 - TemplateLoader.findTemplateSource("category-view/category-view_en.ftl"): Not found
 2021-09-26 23:00:24,096 DEBUG [main] cache:45 - TemplateLoader.findTemplateSource("category-view/category-view.ftl"): Found
 2021-09-26 23:00:24,097 DEBUG [main] cache:45 - Loading template for "category-view/category-view.ftl"("en", UTF-8, parsed) from "jar:file:/C:/Users/Gangadhar%20Vemoori/.m2/repository/com/aventstack/extentreports/3.1.5/extentreports-3.1.5.jar!/com/aventstack/extentreports/view/html-report/category-view/category-view.ftl"
 2021-09-26 23:00:24,105 DEBUG [main] cache:45 - Couldn't find template in cache for "author-view/author-view.ftl"("en", UTF-8, parsed); will try to load it.
 2021-09-26 23:00:24,108 DEBUG [main] cache:45 - TemplateLoader.findTemplateSource("author-view/author-view_en.ftl"): Not found
 2021-09-26 23:00:24,110 DEBUG [main] cache:45 - TemplateLoader.findTemplateSource("author-view/author-view.ftl"): Found
 2021-09-26 23:00:24,111 DEBUG [main] cache:45 - Loading template for "author-view/author-view.ftl"("en", UTF-8, parsed) from "jar:file:/C:/Users/Gangadhar%20Vemoori/.m2/repository/com/aventstack/extentreports/3.1.5/extentreports-3.1.5.jar!/com/aventstack/extentreports/view/html-report/author-view/author-view.ftl"
 2021-09-26 23:00:24,125 DEBUG [main] cache:45 - Couldn't find template in cache for "exception-view/exception-view.ftl"("en", UTF-8, parsed); will try to load it.
 2021-09-26 23:00:24,126 DEBUG [main] cache:45 - TemplateLoader.findTemplateSource("exception-view/exception-view_en.ftl"): Not found
 2021-09-26 23:00:24,128 DEBUG [main] cache:45 - TemplateLoader.findTemplateSource("exception-view/exception-view.ftl"): Found
 2021-09-26 23:00:24,129 DEBUG [main] cache:45 - Loading template for "exception-view/exception-view.ftl"("en", UTF-8, parsed) from "jar:file:/C:/Users/Gangadhar%20Vemoori/.m2/repository/com/aventstack/extentreports/3.1.5/extentreports-3.1.5.jar!/com/aventstack/extentreports/view/html-report/exception-view/exception-view.ftl"
 2021-09-26 23:00:24,138 DEBUG [main] cache:45 - Couldn't find template in cache for "dashboard-view/dashboard-view.ftl"("en", UTF-8, parsed); will try to load it.
 2021-09-26 23:00:24,141 DEBUG [main] cache:45 - TemplateLoader.findTemplateSource("dashboard-view/dashboard-view_en.ftl"): Not found
 2021-09-26 23:00:24,142 DEBUG [main] cache:45 - TemplateLoader.findTemplateSource("dashboard-view/dashboard-view.ftl"): Found
 2021-09-26 23:00:24,143 DEBUG [main] cache:45 - Loading template for "dashboard-view/dashboard-view.ftl"("en", UTF-8, parsed) from "jar:file:/C:/Users/Gangadhar%20Vemoori/.m2/repository/com/aventstack/extentreports/3.1.5/extentreports-3.1.5.jar!/com/aventstack/extentreports/view/html-report/dashboard-view/dashboard-view.ftl"
 2021-09-26 23:00:24,162 DEBUG [main] cache:45 - Couldn't find template in cache for "logs-view/testrunner-logs-view.ftl"("en", UTF-8, parsed); will try to load it.
 2021-09-26 23:00:24,174 DEBUG [main] cache:45 - TemplateLoader.findTemplateSource("logs-view/testrunner-logs-view_en.ftl"): Not found
 2021-09-26 23:00:24,175 DEBUG [main] cache:45 - TemplateLoader.findTemplateSource("logs-view/testrunner-logs-view.ftl"): Found
 2021-09-26 23:00:24,176 DEBUG [main] cache:45 - Loading template for "logs-view/testrunner-logs-view.ftl"("en", UTF-8, parsed) from "jar:file:/C:/Users/Gangadhar%20Vemoori/.m2/repository/com/aventstack/extentreports/3.1.5/extentreports-3.1.5.jar!/com/aventstack/extentreports/view/html-report/logs-view/testrunner-logs-view.ftl"
 2021-10-01 09:53:31,118  INFO [main] inetBankingV1:18 - URL is open on browser
 2021-10-01 09:53:32,622  INFO [main] inetBankingV1:23 - Entered username
 2021-10-01 09:53:32,868  INFO [main] inetBankingV1:25 - Entered password
 2021-10-01 09:53:35,098  INFO [main] inetBankingV1:27 - Logged in to application
 2021-10-01 09:53:38,209 DEBUG [main] cache:45 - Couldn't find template in cache for "index.ftl"("en", UTF-8, parsed); will try to load it.
 2021-10-01 09:53:38,212 DEBUG [main] cache:45 - TemplateLoader.findTemplateSource("index_en.ftl"): Not found
 2021-10-01 09:53:38,216 DEBUG [main] cache:45 - TemplateLoader.findTemplateSource("index.ftl"): Found
 2021-10-01 09:53:38,216 DEBUG [main] cache:45 - Loading template for "index.ftl"("en", UTF-8, parsed) from "jar:file:/C:/Users/Gangadhar%20Vemoori/.m2/repository/com/aventstack/extentreports/3.1.5/extentreports-3.1.5.jar!/com/aventstack/extentreports/view/html-report/index.ftl"
 2021-10-01 09:53:38,825 DEBUG [main] cache:45 - Couldn't find template in cache for "head.ftl"("en", UTF-8, parsed); will try to load it.
 2021-10-01 09:53:38,827 DEBUG [main] cache:45 - TemplateLoader.findTemplateSource("head_en.ftl"): Not found
 2021-10-01 09:53:38,828 DEBUG [main] cache:45 - TemplateLoader.findTemplateSource("head.ftl"): Found
 2021-10-01 09:53:38,829 DEBUG [main] cache:45 - Loading template for "head.ftl"("en", UTF-8, parsed) from "jar:file:/C:/Users/Gangadhar%20Vemoori/.m2/repository/com/aventstack/extentreports/3.1.5/extentreports-3.1.5.jar!/com/aventstack/extentreports/view/html-report/head.ftl"
 2021-10-01 09:53:38,836 DEBUG [main] cache:45 - Couldn't find template in cache for "nav.ftl"("en", UTF-8, parsed); will try to load it.
 2021-10-01 09:53:38,838 DEBUG [main] cache:45 - TemplateLoader.findTemplateSource("nav_en.ftl"): Not found
 2021-10-01 09:53:38,839 DEBUG [main] cache:45 - TemplateLoader.findTemplateSource("nav.ftl"): Found
 2021-10-01 09:53:38,839 DEBUG [main] cache:45 - Loading template for "nav.ftl"("en", UTF-8, parsed) from "jar:file:/C:/Users/Gangadhar%20Vemoori/.m2/repository/com/aventstack/extentreports/3.1.5/extentreports-3.1.5.jar!/com/aventstack/extentreports/view/html-report/nav.ftl"
 2021-10-01 09:53:38,856 DEBUG [main] cache:45 - Couldn't find template in cache for "test-view/test-view.ftl"("en", UTF-8, parsed); will try to load it.
 2021-10-01 09:53:38,857 DEBUG [main] cache:45 - TemplateLoader.findTemplateSource("test-view/test-view_en.ftl"): Not found
 2021-10-01 09:53:38,858 DEBUG [main] cache:45 - TemplateLoader.findTemplateSource("test-view/test-view.ftl"): Found
 2021-10-01 09:53:38,859 DEBUG [main] cache:45 - Loading template for "test-view/test-view.ftl"("en", UTF-8, parsed) from "jar:file:/C:/Users/Gangadhar%20Vemoori/.m2/repository/com/aventstack/extentreports/3.1.5/extentreports-3.1.5.jar!/com/aventstack/extentreports/view/html-report/test-view/test-view.ftl"
 2021-10-01 09:53:38,878 DEBUG [main] cache:45 - Couldn't find template in cache for "test-view/test-view-charts.ftl"("en", UTF-8, parsed); will try to load it.
 2021-10-01 09:53:38,880 DEBUG [main] cache:45 - TemplateLoader.findTemplateSource("test-view/test-view-charts_en.ftl"): Not found
 2021-10-01 09:53:38,881 DEBUG [main] cache:45 - TemplateLoader.findTemplateSource("test-view/test-view-charts.ftl"): Found
 2021-10-01 09:53:38,881 DEBUG [main] cache:45 - Loading template for "test-view/test-view-charts.ftl"("en", UTF-8, parsed) from "jar:file:/C:/Users/Gangadhar%20Vemoori/.m2/repository/com/aventstack/extentreports/3.1.5/extentreports-3.1.5.jar!/com/aventstack/extentreports/view/html-report/test-view/test-view-charts.ftl"
 2021-10-01 09:53:38,907 DEBUG [main] cache:45 - Couldn't find template in cache for "test-view/standard.ftl"("en", UTF-8, parsed); will try to load it.
 2021-10-01 09:53:38,908 DEBUG [main] cache:45 - TemplateLoader.findTemplateSource("test-view/standard_en.ftl"): Not found
 2021-10-01 09:53:38,909 DEBUG [main] cache:45 - TemplateLoader.findTemplateSource("test-view/standard.ftl"): Found
 2021-10-01 09:53:38,912 DEBUG [main] cache:45 - Loading template for "test-view/standard.ftl"("en", UTF-8, parsed) from "jar:file:/C:/Users/Gangadhar%20Vemoori/.m2/repository/com/aventstack/extentreports/3.1.5/extentreports-3.1.5.jar!/com/aventstack/extentreports/view/html-report/test-view/standard.ftl"
 2021-10-01 09:53:38,951 DEBUG [main] cache:45 - Couldn't find template in cache for "category-view/category-view.ftl"("en", UTF-8, parsed); will try to load it.
 2021-10-01 09:53:38,953 DEBUG [main] cache:45 - TemplateLoader.findTemplateSource("category-view/category-view_en.ftl"): Not found
 2021-10-01 09:53:38,955 DEBUG [main] cache:45 - TemplateLoader.findTemplateSource("category-view/category-view.ftl"): Found
 2021-10-01 09:53:38,955 DEBUG [main] cache:45 - Loading template for "category-view/category-view.ftl"("en", UTF-8, parsed) from "jar:file:/C:/Users/Gangadhar%20Vemoori/.m2/repository/com/aventstack/extentreports/3.1.5/extentreports-3.1.5.jar!/com/aventstack/extentreports/view/html-report/category-view/category-view.ftl"
 2021-10-01 09:53:38,964 DEBUG [main] cache:45 - Couldn't find template in cache for "author-view/author-view.ftl"("en", UTF-8, parsed); will try to load it.
 2021-10-01 09:53:38,965 DEBUG [main] cache:45 - TemplateLoader.findTemplateSource("author-view/author-view_en.ftl"): Not found
 2021-10-01 09:53:38,966 DEBUG [main] cache:45 - TemplateLoader.findTemplateSource("author-view/author-view.ftl"): Found
 2021-10-01 09:53:38,966 DEBUG [main] cache:45 - Loading template for "author-view/author-view.ftl"("en", UTF-8, parsed) from "jar:file:/C:/Users/Gangadhar%20Vemoori/.m2/repository/com/aventstack/extentreports/3.1.5/extentreports-3.1.5.jar!/com/aventstack/extentreports/view/html-report/author-view/author-view.ftl"
 2021-10-01 09:53:38,974 DEBUG [main] cache:45 - Couldn't find template in cache for "exception-view/exception-view.ftl"("en", UTF-8, parsed); will try to load it.
 2021-10-01 09:53:38,979 DEBUG [main] cache:45 - TemplateLoader.findTemplateSource("exception-view/exception-view_en.ftl"): Not found
 2021-10-01 09:53:38,981 DEBUG [main] cache:45 - TemplateLoader.findTemplateSource("exception-view/exception-view.ftl"): Found
 2021-10-01 09:53:38,982 DEBUG [main] cache:45 - Loading template for "exception-view/exception-view.ftl"("en", UTF-8, parsed) from "jar:file:/C:/Users/Gangadhar%20Vemoori/.m2/repository/com/aventstack/extentreports/3.1.5/extentreports-3.1.5.jar!/com/aventstack/extentreports/view/html-report/exception-view/exception-view.ftl"
 2021-10-01 09:53:38,988 DEBUG [main] cache:45 - Couldn't find template in cache for "dashboard-view/dashboard-view.ftl"("en", UTF-8, parsed); will try to load it.
 2021-10-01 09:53:38,989 DEBUG [main] cache:45 - TemplateLoader.findTemplateSource("dashboard-view/dashboard-view_en.ftl"): Not found
 2021-10-01 09:53:38,990 DEBUG [main] cache:45 - TemplateLoader.findTemplateSource("dashboard-view/dashboard-view.ftl"): Found
 2021-10-01 09:53:38,991 DEBUG [main] cache:45 - Loading template for "dashboard-view/dashboard-view.ftl"("en", UTF-8, parsed) from "jar:file:/C:/Users/Gangadhar%20Vemoori/.m2/repository/com/aventstack/extentreports/3.1.5/extentreports-3.1.5.jar!/com/aventstack/extentreports/view/html-report/dashboard-view/dashboard-view.ftl"
 2021-10-01 09:53:39,074 DEBUG [main] cache:45 - Couldn't find template in cache for "logs-view/testrunner-logs-view.ftl"("en", UTF-8, parsed); will try to load it.
 2021-10-01 09:53:39,076 DEBUG [main] cache:45 - TemplateLoader.findTemplateSource("logs-view/testrunner-logs-view_en.ftl"): Not found
 2021-10-01 09:53:39,079 DEBUG [main] cache:45 - TemplateLoader.findTemplateSource("logs-view/testrunner-logs-view.ftl"): Found
 2021-10-01 09:53:39,080 DEBUG [main] cache:45 - Loading template for "logs-view/testrunner-logs-view.ftl"("en", UTF-8, parsed) from "jar:file:/C:/Users/Gangadhar%20Vemoori/.m2/repository/com/aventstack/extentreports/3.1.5/extentreports-3.1.5.jar!/com/aventstack/extentreports/view/html-report/logs-view/testrunner-logs-view.ftl"
 2021-10-01 09:57:22,972  INFO [main] inetBankingV1:18 - URL is open on browser
 2021-10-01 09:57:23,279  INFO [main] inetBankingV1:23 - Entered username
 2021-10-01 09:57:23,539  INFO [main] inetBankingV1:25 - Entered password
 2021-10-01 09:57:25,326  INFO [main] inetBankingV1:27 - Logged in to application
 2021-10-01 09:57:26,453 DEBUG [main] cache:45 - Couldn't find template in cache for "index.ftl"("en", UTF-8, parsed); will try to load it.
 2021-10-01 09:57:26,456 DEBUG [main] cache:45 - TemplateLoader.findTemplateSource("index_en.ftl"): Not found
 2021-10-01 09:57:26,461 DEBUG [main] cache:45 - TemplateLoader.findTemplateSource("index.ftl"): Found
 2021-10-01 09:57:26,462 DEBUG [main] cache:45 - Loading template for "index.ftl"("en", UTF-8, parsed) from "jar:file:/C:/Users/Gangadhar%20Vemoori/.m2/repository/com/aventstack/extentreports/3.1.5/extentreports-3.1.5.jar!/com/aventstack/extentreports/view/html-report/index.ftl"
 2021-10-01 09:57:26,770 DEBUG [main] cache:45 - Couldn't find template in cache for "head.ftl"("en", UTF-8, parsed); will try to load it.
 2021-10-01 09:57:26,773 DEBUG [main] cache:45 - TemplateLoader.findTemplateSource("head_en.ftl"): Not found
 2021-10-01 09:57:26,774 DEBUG [main] cache:45 - TemplateLoader.findTemplateSource("head.ftl"): Found
 2021-10-01 09:57:26,775 DEBUG [main] cache:45 - Loading template for "head.ftl"("en", UTF-8, parsed) from "jar:file:/C:/Users/Gangadhar%20Vemoori/.m2/repository/com/aventstack/extentreports/3.1.5/extentreports-3.1.5.jar!/com/aventstack/extentreports/view/html-report/head.ftl"
 2021-10-01 09:57:26,784 DEBUG [main] cache:45 - Couldn't find template in cache for "nav.ftl"("en", UTF-8, parsed); will try to load it.
 2021-10-01 09:57:26,785 DEBUG [main] cache:45 - TemplateLoader.findTemplateSource("nav_en.ftl"): Not found
 2021-10-01 09:57:26,787 DEBUG [main] cache:45 - TemplateLoader.findTemplateSource("nav.ftl"): Found
 2021-10-01 09:57:26,788 DEBUG [main] cache:45 - Loading template for "nav.ftl"("en", UTF-8, parsed) from "jar:file:/C:/Users/Gangadhar%20Vemoori/.m2/repository/com/aventstack/extentreports/3.1.5/extentreports-3.1.5.jar!/com/aventstack/extentreports/view/html-report/nav.ftl"
 2021-10-01 09:57:26,806 DEBUG [main] cache:45 - Couldn't find template in cache for "test-view/test-view.ftl"("en", UTF-8, parsed); will try to load it.
 2021-10-01 09:57:26,807 DEBUG [main] cache:45 - TemplateLoader.findTemplateSource("test-view/test-view_en.ftl"): Not found
 2021-10-01 09:57:26,808 DEBUG [main] cache:45 - TemplateLoader.findTemplateSource("test-view/test-view.ftl"): Found
 2021-10-01 09:57:26,809 DEBUG [main] cache:45 - Loading template for "test-view/test-view.ftl"("en", UTF-8, parsed) from "jar:file:/C:/Users/Gangadhar%20Vemoori/.m2/repository/com/aventstack/extentreports/3.1.5/extentreports-3.1.5.jar!/com/aventstack/extentreports/view/html-report/test-view/test-view.ftl"
 2021-10-01 09:57:26,835 DEBUG [main] cache:45 - Couldn't find template in cache for "test-view/test-view-charts.ftl"("en", UTF-8, parsed); will try to load it.
 2021-10-01 09:57:26,836 DEBUG [main] cache:45 - TemplateLoader.findTemplateSource("test-view/test-view-charts_en.ftl"): Not found
 2021-10-01 09:57:26,838 DEBUG [main] cache:45 - TemplateLoader.findTemplateSource("test-view/test-view-charts.ftl"): Found
 2021-10-01 09:57:26,838 DEBUG [main] cache:45 - Loading template for "test-view/test-view-charts.ftl"("en", UTF-8, parsed) from "jar:file:/C:/Users/Gangadhar%20Vemoori/.m2/repository/com/aventstack/extentreports/3.1.5/extentreports-3.1.5.jar!/com/aventstack/extentreports/view/html-report/test-view/test-view-charts.ftl"
 2021-10-01 09:57:26,863 DEBUG [main] cache:45 - Couldn't find template in cache for "test-view/standard.ftl"("en", UTF-8, parsed); will try to load it.
 2021-10-01 09:57:26,865 DEBUG [main] cache:45 - TemplateLoader.findTemplateSource("test-view/standard_en.ftl"): Not found
 2021-10-01 09:57:26,867 DEBUG [main] cache:45 - TemplateLoader.findTemplateSource("test-view/standard.ftl"): Found
 2021-10-01 09:57:26,868 DEBUG [main] cache:45 - Loading template for "test-view/standard.ftl"("en", UTF-8, parsed) from "jar:file:/C:/Users/Gangadhar%20Vemoori/.m2/repository/com/aventstack/extentreports/3.1.5/extentreports-3.1.5.jar!/com/aventstack/extentreports/view/html-report/test-view/standard.ftl"
 2021-10-01 09:57:26,903 DEBUG [main] cache:45 - Couldn't find template in cache for "category-view/category-view.ftl"("en", UTF-8, parsed); will try to load it.
 2021-10-01 09:57:26,906 DEBUG [main] cache:45 - TemplateLoader.findTemplateSource("category-view/category-view_en.ftl"): Not found
 2021-10-01 09:57:26,909 DEBUG [main] cache:45 - TemplateLoader.findTemplateSource("category-view/category-view.ftl"): Found
 2021-10-01 09:57:26,912 DEBUG [main] cache:45 - Loading template for "category-view/category-view.ftl"("en", UTF-8, parsed) from "jar:file:/C:/Users/Gangadhar%20Vemoori/.m2/repository/com/aventstack/extentreports/3.1.5/extentreports-3.1.5.jar!/com/aventstack/extentreports/view/html-report/category-view/category-view.ftl"
 2021-10-01 09:57:26,924 DEBUG [main] cache:45 - Couldn't find template in cache for "author-view/author-view.ftl"("en", UTF-8, parsed); will try to load it.
 2021-10-01 09:57:26,926 DEBUG [main] cache:45 - TemplateLoader.findTemplateSource("author-view/author-view_en.ftl"): Not found
 2021-10-01 09:57:26,929 DEBUG [main] cache:45 - TemplateLoader.findTemplateSource("author-view/author-view.ftl"): Found
 2021-10-01 09:57:26,931 DEBUG [main] cache:45 - Loading template for "author-view/author-view.ftl"("en", UTF-8, parsed) from "jar:file:/C:/Users/Gangadhar%20Vemoori/.m2/repository/com/aventstack/extentreports/3.1.5/extentreports-3.1.5.jar!/com/aventstack/extentreports/view/html-report/author-view/author-view.ftl"
 2021-10-01 09:57:26,979 DEBUG [main] cache:45 - Couldn't find template in cache for "exception-view/exception-view.ftl"("en", UTF-8, parsed); will try to load it.
 2021-10-01 09:57:26,984 DEBUG [main] cache:45 - TemplateLoader.findTemplateSource("exception-view/exception-view_en.ftl"): Not found
 2021-10-01 09:57:26,986 DEBUG [main] cache:45 - TemplateLoader.findTemplateSource("exception-view/exception-view.ftl"): Found
 2021-10-01 09:57:26,988 DEBUG [main] cache:45 - Loading template for "exception-view/exception-view.ftl"("en", UTF-8, parsed) from "jar:file:/C:/Users/Gangadhar%20Vemoori/.m2/repository/com/aventstack/extentreports/3.1.5/extentreports-3.1.5.jar!/com/aventstack/extentreports/view/html-report/exception-view/exception-view.ftl"
 2021-10-01 09:57:27,011 DEBUG [main] cache:45 - Couldn't find template in cache for "dashboard-view/dashboard-view.ftl"("en", UTF-8, parsed); will try to load it.
 2021-10-01 09:57:27,022 DEBUG [main] cache:45 - TemplateLoader.findTemplateSource("dashboard-view/dashboard-view_en.ftl"): Not found
 2021-10-01 09:57:27,024 DEBUG [main] cache:45 - TemplateLoader.findTemplateSource("dashboard-view/dashboard-view.ftl"): Found
 2021-10-01 09:57:27,024 DEBUG [main] cache:45 - Loading template for "dashboard-view/dashboard-view.ftl"("en", UTF-8, parsed) from "jar:file:/C:/Users/Gangadhar%20Vemoori/.m2/repository/com/aventstack/extentreports/3.1.5/extentreports-3.1.5.jar!/com/aventstack/extentreports/view/html-report/dashboard-view/dashboard-view.ftl"
 2021-10-01 09:57:27,054 DEBUG [main] cache:45 - Couldn't find template in cache for "logs-view/testrunner-logs-view.ftl"("en", UTF-8, parsed); will try to load it.
 2021-10-01 09:57:27,055 DEBUG [main] cache:45 - TemplateLoader.findTemplateSource("logs-view/testrunner-logs-view_en.ftl"): Not found
 2021-10-01 09:57:27,056 DEBUG [main] cache:45 - TemplateLoader.findTemplateSource("logs-view/testrunner-logs-view.ftl"): Found
 2021-10-01 09:57:27,056 DEBUG [main] cache:45 - Loading template for "logs-view/testrunner-logs-view.ftl"("en", UTF-8, parsed) from "jar:file:/C:/Users/Gangadhar%20Vemoori/.m2/repository/com/aventstack/extentreports/3.1.5/extentreports-3.1.5.jar!/com/aventstack/extentreports/view/html-report/logs-view/testrunner-logs-view.ftl"
 2021-10-01 10:01:20,551  INFO [main] inetBankingV1:18 - URL is open on browser
 2021-10-01 10:01:20,814  INFO [main] inetBankingV1:23 - Entered username
 2021-10-01 10:01:20,981  INFO [main] inetBankingV1:25 - Entered password
 2021-10-01 10:01:22,510  INFO [main] inetBankingV1:27 - Logged in to application
 2021-10-01 10:01:23,454 DEBUG [main] cache:45 - Couldn't find template in cache for "index.ftl"("en", UTF-8, parsed); will try to load it.
 2021-10-01 10:01:23,456 DEBUG [main] cache:45 - TemplateLoader.findTemplateSource("index_en.ftl"): Not found
 2021-10-01 10:01:23,460 DEBUG [main] cache:45 - TemplateLoader.findTemplateSource("index.ftl"): Found
 2021-10-01 10:01:23,460 DEBUG [main] cache:45 - Loading template for "index.ftl"("en", UTF-8, parsed) from "jar:file:/C:/Users/Gangadhar%20Vemoori/.m2/repository/com/aventstack/extentreports/3.1.5/extentreports-3.1.5.jar!/com/aventstack/extentreports/view/html-report/index.ftl"
 2021-10-01 10:01:23,782 DEBUG [main] cache:45 - Couldn't find template in cache for "head.ftl"("en", UTF-8, parsed); will try to load it.
 2021-10-01 10:01:23,784 DEBUG [main] cache:45 - TemplateLoader.findTemplateSource("head_en.ftl"): Not found
 2021-10-01 10:01:23,785 DEBUG [main] cache:45 - TemplateLoader.findTemplateSource("head.ftl"): Found
 2021-10-01 10:01:23,786 DEBUG [main] cache:45 - Loading template for "head.ftl"("en", UTF-8, parsed) from "jar:file:/C:/Users/Gangadhar%20Vemoori/.m2/repository/com/aventstack/extentreports/3.1.5/extentreports-3.1.5.jar!/com/aventstack/extentreports/view/html-report/head.ftl"
 2021-10-01 10:01:23,794 DEBUG [main] cache:45 - Couldn't find template in cache for "nav.ftl"("en", UTF-8, parsed); will try to load it.
 2021-10-01 10:01:23,795 DEBUG [main] cache:45 - TemplateLoader.findTemplateSource("nav_en.ftl"): Not found
 2021-10-01 10:01:23,797 DEBUG [main] cache:45 - TemplateLoader.findTemplateSource("nav.ftl"): Found
 2021-10-01 10:01:23,798 DEBUG [main] cache:45 - Loading template for "nav.ftl"("en", UTF-8, parsed) from "jar:file:/C:/Users/Gangadhar%20Vemoori/.m2/repository/com/aventstack/extentreports/3.1.5/extentreports-3.1.5.jar!/com/aventstack/extentreports/view/html-report/nav.ftl"
 2021-10-01 10:01:23,812 DEBUG [main] cache:45 - Couldn't find template in cache for "test-view/test-view.ftl"("en", UTF-8, parsed); will try to load it.
 2021-10-01 10:01:23,813 DEBUG [main] cache:45 - TemplateLoader.findTemplateSource("test-view/test-view_en.ftl"): Not found
 2021-10-01 10:01:23,814 DEBUG [main] cache:45 - TemplateLoader.findTemplateSource("test-view/test-view.ftl"): Found
 2021-10-01 10:01:23,815 DEBUG [main] cache:45 - Loading template for "test-view/test-view.ftl"("en", UTF-8, parsed) from "jar:file:/C:/Users/Gangadhar%20Vemoori/.m2/repository/com/aventstack/extentreports/3.1.5/extentreports-3.1.5.jar!/com/aventstack/extentreports/view/html-report/test-view/test-view.ftl"
 2021-10-01 10:01:23,833 DEBUG [main] cache:45 - Couldn't find template in cache for "test-view/test-view-charts.ftl"("en", UTF-8, parsed); will try to load it.
 2021-10-01 10:01:23,836 DEBUG [main] cache:45 - TemplateLoader.findTemplateSource("test-view/test-view-charts_en.ftl"): Not found
 2021-10-01 10:01:23,839 DEBUG [main] cache:45 - TemplateLoader.findTemplateSource("test-view/test-view-charts.ftl"): Found
 2021-10-01 10:01:23,840 DEBUG [main] cache:45 - Loading template for "test-view/test-view-charts.ftl"("en", UTF-8, parsed) from "jar:file:/C:/Users/Gangadhar%20Vemoori/.m2/repository/com/aventstack/extentreports/3.1.5/extentreports-3.1.5.jar!/com/aventstack/extentreports/view/html-report/test-view/test-view-charts.ftl"
 2021-10-01 10:01:23,872 DEBUG [main] cache:45 - Couldn't find template in cache for "test-view/standard.ftl"("en", UTF-8, parsed); will try to load it.
 2021-10-01 10:01:23,873 DEBUG [main] cache:45 - TemplateLoader.findTemplateSource("test-view/standard_en.ftl"): Not found
 2021-10-01 10:01:23,874 DEBUG [main] cache:45 - TemplateLoader.findTemplateSource("test-view/standard.ftl"): Found
 2021-10-01 10:01:23,875 DEBUG [main] cache:45 - Loading template for "test-view/standard.ftl"("en", UTF-8, parsed) from "jar:file:/C:/Users/Gangadhar%20Vemoori/.m2/repository/com/aventstack/extentreports/3.1.5/extentreports-3.1.5.jar!/com/aventstack/extentreports/view/html-report/test-view/standard.ftl"
 2021-10-01 10:01:23,917 DEBUG [main] cache:45 - Couldn't find template in cache for "category-view/category-view.ftl"("en", UTF-8, parsed); will try to load it.
 2021-10-01 10:01:23,919 DEBUG [main] cache:45 - TemplateLoader.findTemplateSource("category-view/category-view_en.ftl"): Not found
 2021-10-01 10:01:23,920 DEBUG [main] cache:45 - TemplateLoader.findTemplateSource("category-view/category-view.ftl"): Found
 2021-10-01 10:01:23,921 DEBUG [main] cache:45 - Loading template for "category-view/category-view.ftl"("en", UTF-8, parsed) from "jar:file:/C:/Users/Gangadhar%20Vemoori/.m2/repository/com/aventstack/extentreports/3.1.5/extentreports-3.1.5.jar!/com/aventstack/extentreports/view/html-report/category-view/category-view.ftl"
 2021-10-01 10:01:23,930 DEBUG [main] cache:45 - Couldn't find template in cache for "author-view/author-view.ftl"("en", UTF-8, parsed); will try to load it.
 2021-10-01 10:01:23,931 DEBUG [main] cache:45 - TemplateLoader.findTemplateSource("author-view/author-view_en.ftl"): Not found
 2021-10-01 10:01:23,932 DEBUG [main] cache:45 - TemplateLoader.findTemplateSource("author-view/author-view.ftl"): Found
 2021-10-01 10:01:23,932 DEBUG [main] cache:45 - Loading template for "author-view/author-view.ftl"("en", UTF-8, parsed) from "jar:file:/C:/Users/Gangadhar%20Vemoori/.m2/repository/com/aventstack/extentreports/3.1.5/extentreports-3.1.5.jar!/com/aventstack/extentreports/view/html-report/author-view/author-view.ftl"
 2021-10-01 10:01:23,942 DEBUG [main] cache:45 - Couldn't find template in cache for "exception-view/exception-view.ftl"("en", UTF-8, parsed); will try to load it.
 2021-10-01 10:01:23,943 DEBUG [main] cache:45 - TemplateLoader.findTemplateSource("exception-view/exception-view_en.ftl"): Not found
 2021-10-01 10:01:23,945 DEBUG [main] cache:45 - TemplateLoader.findTemplateSource("exception-view/exception-view.ftl"): Found
 2021-10-01 10:01:23,947 DEBUG [main] cache:45 - Loading template for "exception-view/exception-view.ftl"("en", UTF-8, parsed) from "jar:file:/C:/Users/Gangadhar%20Vemoori/.m2/repository/com/aventstack/extentreports/3.1.5/extentreports-3.1.5.jar!/com/aventstack/extentreports/view/html-report/exception-view/exception-view.ftl"
 2021-10-01 10:01:23,955 DEBUG [main] cache:45 - Couldn't find template in cache for "dashboard-view/dashboard-view.ftl"("en", UTF-8, parsed); will try to load it.
 2021-10-01 10:01:23,957 DEBUG [main] cache:45 - TemplateLoader.findTemplateSource("dashboard-view/dashboard-view_en.ftl"): Not found
 2021-10-01 10:01:23,958 DEBUG [main] cache:45 - TemplateLoader.findTemplateSource("dashboard-view/dashboard-view.ftl"): Found
 2021-10-01 10:01:23,959 DEBUG [main] cache:45 - Loading template for "dashboard-view/dashboard-view.ftl"("en", UTF-8, parsed) from "jar:file:/C:/Users/Gangadhar%20Vemoori/.m2/repository/com/aventstack/extentreports/3.1.5/extentreports-3.1.5.jar!/com/aventstack/extentreports/view/html-report/dashboard-view/dashboard-view.ftl"
 2021-10-01 10:01:23,984 DEBUG [main] cache:45 - Couldn't find template in cache for "logs-view/testrunner-logs-view.ftl"("en", UTF-8, parsed); will try to load it.
 2021-10-01 10:01:23,986 DEBUG [main] cache:45 - TemplateLoader.findTemplateSource("logs-view/testrunner-logs-view_en.ftl"): Not found
 2021-10-01 10:01:23,988 DEBUG [main] cache:45 - TemplateLoader.findTemplateSource("logs-view/testrunner-logs-view.ftl"): Found
 2021-10-01 10:01:23,989 DEBUG [main] cache:45 - Loading template for "logs-view/testrunner-logs-view.ftl"("en", UTF-8, parsed) from "jar:file:/C:/Users/Gangadhar%20Vemoori/.m2/repository/com/aventstack/extentreports/3.1.5/extentreports-3.1.5.jar!/com/aventstack/extentreports/view/html-report/logs-view/testrunner-logs-view.ftl"
 2021-10-01 22:16:43,549 DEBUG [main] cache:45 - Couldn't find template in cache for "index.ftl"("en", UTF-8, parsed); will try to load it.
 2021-10-01 22:16:43,556 DEBUG [main] cache:45 - TemplateLoader.findTemplateSource("index_en.ftl"): Not found
 2021-10-01 22:16:43,560 DEBUG [main] cache:45 - TemplateLoader.findTemplateSource("index.ftl"): Found
 2021-10-01 22:16:43,561 DEBUG [main] cache:45 - Loading template for "index.ftl"("en", UTF-8, parsed) from "jar:file:/C:/Users/Gangadhar%20Vemoori/.m2/repository/com/aventstack/extentreports/3.1.5/extentreports-3.1.5.jar!/com/aventstack/extentreports/view/html-report/index.ftl"
 2021-10-01 22:16:43,993 DEBUG [main] cache:45 - Couldn't find template in cache for "head.ftl"("en", UTF-8, parsed); will try to load it.
 2021-10-01 22:16:43,996 DEBUG [main] cache:45 - TemplateLoader.findTemplateSource("head_en.ftl"): Not found
 2021-10-01 22:16:43,998 DEBUG [main] cache:45 - TemplateLoader.findTemplateSource("head.ftl"): Found
 2021-10-01 22:16:43,999 DEBUG [main] cache:45 - Loading template for "head.ftl"("en", UTF-8, parsed) from "jar:file:/C:/Users/Gangadhar%20Vemoori/.m2/repository/com/aventstack/extentreports/3.1.5/extentreports-3.1.5.jar!/com/aventstack/extentreports/view/html-report/head.ftl"
 2021-10-01 22:16:44,007 DEBUG [main] cache:45 - Couldn't find template in cache for "nav.ftl"("en", UTF-8, parsed); will try to load it.
 2021-10-01 22:16:44,011 DEBUG [main] cache:45 - TemplateLoader.findTemplateSource("nav_en.ftl"): Not found
 2021-10-01 22:16:44,013 DEBUG [main] cache:45 - TemplateLoader.findTemplateSource("nav.ftl"): Found
 2021-10-01 22:16:44,014 DEBUG [main] cache:45 - Loading template for "nav.ftl"("en", UTF-8, parsed) from "jar:file:/C:/Users/Gangadhar%20Vemoori/.m2/repository/com/aventstack/extentreports/3.1.5/extentreports-3.1.5.jar!/com/aventstack/extentreports/view/html-report/nav.ftl"
 2021-10-01 22:16:44,029 DEBUG [main] cache:45 - Couldn't find template in cache for "test-view/test-view.ftl"("en", UTF-8, parsed); will try to load it.
 2021-10-01 22:16:44,031 DEBUG [main] cache:45 - TemplateLoader.findTemplateSource("test-view/test-view_en.ftl"): Not found
 2021-10-01 22:16:44,032 DEBUG [main] cache:45 - TemplateLoader.findTemplateSource("test-view/test-view.ftl"): Found
 2021-10-01 22:16:44,033 DEBUG [main] cache:45 - Loading template for "test-view/test-view.ftl"("en", UTF-8, parsed) from "jar:file:/C:/Users/Gangadhar%20Vemoori/.m2/repository/com/aventstack/extentreports/3.1.5/extentreports-3.1.5.jar!/com/aventstack/extentreports/view/html-report/test-view/test-view.ftl"
 2021-10-01 22:16:44,062 DEBUG [main] cache:45 - Couldn't find template in cache for "test-view/test-view-charts.ftl"("en", UTF-8, parsed); will try to load it.
 2021-10-01 22:16:44,064 DEBUG [main] cache:45 - TemplateLoader.findTemplateSource("test-view/test-view-charts_en.ftl"): Not found
 2021-10-01 22:16:44,065 DEBUG [main] cache:45 - TemplateLoader.findTemplateSource("test-view/test-view-charts.ftl"): Found
 2021-10-01 22:16:44,066 DEBUG [main] cache:45 - Loading template for "test-view/test-view-charts.ftl"("en", UTF-8, parsed) from "jar:file:/C:/Users/Gangadhar%20Vemoori/.m2/repository/com/aventstack/extentreports/3.1.5/extentreports-3.1.5.jar!/com/aventstack/extentreports/view/html-report/test-view/test-view-charts.ftl"
 2021-10-01 22:16:44,093 DEBUG [main] cache:45 - Couldn't find template in cache for "test-view/standard.ftl"("en", UTF-8, parsed); will try to load it.
 2021-10-01 22:16:44,095 DEBUG [main] cache:45 - TemplateLoader.findTemplateSource("test-view/standard_en.ftl"): Not found
 2021-10-01 22:16:44,097 DEBUG [main] cache:45 - TemplateLoader.findTemplateSource("test-view/standard.ftl"): Found
 2021-10-01 22:16:44,098 DEBUG [main] cache:45 - Loading template for "test-view/standard.ftl"("en", UTF-8, parsed) from "jar:file:/C:/Users/Gangadhar%20Vemoori/.m2/repository/com/aventstack/extentreports/3.1.5/extentreports-3.1.5.jar!/com/aventstack/extentreports/view/html-report/test-view/standard.ftl"
 2021-10-01 22:16:44,136 DEBUG [main] cache:45 - Couldn't find template in cache for "category-view/category-view.ftl"("en", UTF-8, parsed); will try to load it.
 2021-10-01 22:16:44,138 DEBUG [main] cache:45 - TemplateLoader.findTemplateSource("category-view/category-view_en.ftl"): Not found
 2021-10-01 22:16:44,139 DEBUG [main] cache:45 - TemplateLoader.findTemplateSource("category-view/category-view.ftl"): Found
 2021-10-01 22:16:44,139 DEBUG [main] cache:45 - Loading template for "category-view/category-view.ftl"("en", UTF-8, parsed) from "jar:file:/C:/Users/Gangadhar%20Vemoori/.m2/repository/com/aventstack/extentreports/3.1.5/extentreports-3.1.5.jar!/com/aventstack/extentreports/view/html-report/category-view/category-view.ftl"
 2021-10-01 22:16:44,149 DEBUG [main] cache:45 - Couldn't find template in cache for "author-view/author-view.ftl"("en", UTF-8, parsed); will try to load it.
 2021-10-01 22:16:44,151 DEBUG [main] cache:45 - TemplateLoader.findTemplateSource("author-view/author-view_en.ftl"): Not found
 2021-10-01 22:16:44,153 DEBUG [main] cache:45 - TemplateLoader.findTemplateSource("author-view/author-view.ftl"): Found
 2021-10-01 22:16:44,154 DEBUG [main] cache:45 - Loading template for "author-view/author-view.ftl"("en", UTF-8, parsed) from "jar:file:/C:/Users/Gangadhar%20Vemoori/.m2/repository/com/aventstack/extentreports/3.1.5/extentreports-3.1.5.jar!/com/aventstack/extentreports/view/html-report/author-view/author-view.ftl"
 2021-10-01 22:16:44,175 DEBUG [main] cache:45 - Couldn't find template in cache for "exception-view/exception-view.ftl"("en", UTF-8, parsed); will try to load it.
 2021-10-01 22:16:44,177 DEBUG [main] cache:45 - TemplateLoader.findTemplateSource("exception-view/exception-view_en.ftl"): Not found
 2021-10-01 22:16:44,180 DEBUG [main] cache:45 - TemplateLoader.findTemplateSource("exception-view/exception-view.ftl"): Found
 2021-10-01 22:16:44,182 DEBUG [main] cache:45 - Loading template for "exception-view/exception-view.ftl"("en", UTF-8, parsed) from "jar:file:/C:/Users/Gangadhar%20Vemoori/.m2/repository/com/aventstack/extentreports/3.1.5/extentreports-3.1.5.jar!/com/aventstack/extentreports/view/html-report/exception-view/exception-view.ftl"
 2021-10-01 22:16:44,220 DEBUG [main] cache:45 - Couldn't find template in cache for "dashboard-view/dashboard-view.ftl"("en", UTF-8, parsed); will try to load it.
 2021-10-01 22:16:44,224 DEBUG [main] cache:45 - TemplateLoader.findTemplateSource("dashboard-view/dashboard-view_en.ftl"): Not found
 2021-10-01 22:16:44,225 DEBUG [main] cache:45 - TemplateLoader.findTemplateSource("dashboard-view/dashboard-view.ftl"): Found
 2021-10-01 22:16:44,226 DEBUG [main] cache:45 - Loading template for "dashboard-view/dashboard-view.ftl"("en", UTF-8, parsed) from "jar:file:/C:/Users/Gangadhar%20Vemoori/.m2/repository/com/aventstack/extentreports/3.1.5/extentreports-3.1.5.jar!/com/aventstack/extentreports/view/html-report/dashboard-view/dashboard-view.ftl"
 2021-10-01 22:16:44,291 DEBUG [main] cache:45 - Couldn't find template in cache for "logs-view/testrunner-logs-view.ftl"("en", UTF-8, parsed); will try to load it.
 2021-10-01 22:16:44,293 DEBUG [main] cache:45 - TemplateLoader.findTemplateSource("logs-view/testrunner-logs-view_en.ftl"): Not found
 2021-10-01 22:16:44,296 DEBUG [main] cache:45 - TemplateLoader.findTemplateSource("logs-view/testrunner-logs-view.ftl"): Found
 2021-10-01 22:16:44,300 DEBUG [main] cache:45 - Loading template for "logs-view/testrunner-logs-view.ftl"("en", UTF-8, parsed) from "jar:file:/C:/Users/Gangadhar%20Vemoori/.m2/repository/com/aventstack/extentreports/3.1.5/extentreports-3.1.5.jar!/com/aventstack/extentreports/view/html-report/logs-view/testrunner-logs-view.ftl"
 2021-10-01 22:21:37,565  INFO [main] inetBankingV1:34 - Login pass
 2021-10-01 22:21:48,118  INFO [main] inetBankingV1:34 - Login pass
 2021-10-01 22:21:56,356 DEBUG [main] cache:45 - Couldn't find template in cache for "index.ftl"("en", UTF-8, parsed); will try to load it.
 2021-10-01 22:21:56,358 DEBUG [main] cache:45 - TemplateLoader.findTemplateSource("index_en.ftl"): Not found
 2021-10-01 22:21:56,362 DEBUG [main] cache:45 - TemplateLoader.findTemplateSource("index.ftl"): Found
 2021-10-01 22:21:56,363 DEBUG [main] cache:45 - Loading template for "index.ftl"("en", UTF-8, parsed) from "jar:file:/C:/Users/Gangadhar%20Vemoori/.m2/repository/com/aventstack/extentreports/3.1.5/extentreports-3.1.5.jar!/com/aventstack/extentreports/view/html-report/index.ftl"
 2021-10-01 22:21:56,680 DEBUG [main] cache:45 - Couldn't find template in cache for "head.ftl"("en", UTF-8, parsed); will try to load it.
 2021-10-01 22:21:56,682 DEBUG [main] cache:45 - TemplateLoader.findTemplateSource("head_en.ftl"): Not found
 2021-10-01 22:21:56,683 DEBUG [main] cache:45 - TemplateLoader.findTemplateSource("head.ftl"): Found
 2021-10-01 22:21:56,684 DEBUG [main] cache:45 - Loading template for "head.ftl"("en", UTF-8, parsed) from "jar:file:/C:/Users/Gangadhar%20Vemoori/.m2/repository/com/aventstack/extentreports/3.1.5/extentreports-3.1.5.jar!/com/aventstack/extentreports/view/html-report/head.ftl"
 2021-10-01 22:21:56,692 DEBUG [main] cache:45 - Couldn't find template in cache for "nav.ftl"("en", UTF-8, parsed); will try to load it.
 2021-10-01 22:21:56,693 DEBUG [main] cache:45 - TemplateLoader.findTemplateSource("nav_en.ftl"): Not found
 2021-10-01 22:21:56,694 DEBUG [main] cache:45 - TemplateLoader.findTemplateSource("nav.ftl"): Found
 2021-10-01 22:21:56,695 DEBUG [main] cache:45 - Loading template for "nav.ftl"("en", UTF-8, parsed) from "jar:file:/C:/Users/Gangadhar%20Vemoori/.m2/repository/com/aventstack/extentreports/3.1.5/extentreports-3.1.5.jar!/com/aventstack/extentreports/view/html-report/nav.ftl"
 2021-10-01 22:21:56,709 DEBUG [main] cache:45 - Couldn't find template in cache for "test-view/test-view.ftl"("en", UTF-8, parsed); will try to load it.
 2021-10-01 22:21:56,714 DEBUG [main] cache:45 - TemplateLoader.findTemplateSource("test-view/test-view_en.ftl"): Not found
 2021-10-01 22:21:56,719 DEBUG [main] cache:45 - TemplateLoader.findTemplateSource("test-view/test-view.ftl"): Found
 2021-10-01 22:21:56,720 DEBUG [main] cache:45 - Loading template for "test-view/test-view.ftl"("en", UTF-8, parsed) from "jar:file:/C:/Users/Gangadhar%20Vemoori/.m2/repository/com/aventstack/extentreports/3.1.5/extentreports-3.1.5.jar!/com/aventstack/extentreports/view/html-report/test-view/test-view.ftl"
 2021-10-01 22:21:56,742 DEBUG [main] cache:45 - Couldn't find template in cache for "test-view/test-view-charts.ftl"("en", UTF-8, parsed); will try to load it.
 2021-10-01 22:21:56,745 DEBUG [main] cache:45 - TemplateLoader.findTemplateSource("test-view/test-view-charts_en.ftl"): Not found
 2021-10-01 22:21:56,747 DEBUG [main] cache:45 - TemplateLoader.findTemplateSource("test-view/test-view-charts.ftl"): Found
 2021-10-01 22:21:56,748 DEBUG [main] cache:45 - Loading template for "test-view/test-view-charts.ftl"("en", UTF-8, parsed) from "jar:file:/C:/Users/Gangadhar%20Vemoori/.m2/repository/com/aventstack/extentreports/3.1.5/extentreports-3.1.5.jar!/com/aventstack/extentreports/view/html-report/test-view/test-view-charts.ftl"
 2021-10-01 22:21:56,783 DEBUG [main] cache:45 - Couldn't find template in cache for "test-view/standard.ftl"("en", UTF-8, parsed); will try to load it.
 2021-10-01 22:21:56,784 DEBUG [main] cache:45 - TemplateLoader.findTemplateSource("test-view/standard_en.ftl"): Not found
 2021-10-01 22:21:56,785 DEBUG [main] cache:45 - TemplateLoader.findTemplateSource("test-view/standard.ftl"): Found
 2021-10-01 22:21:56,786 DEBUG [main] cache:45 - Loading template for "test-view/standard.ftl"("en", UTF-8, parsed) from "jar:file:/C:/Users/Gangadhar%20Vemoori/.m2/repository/com/aventstack/extentreports/3.1.5/extentreports-3.1.5.jar!/com/aventstack/extentreports/view/html-report/test-view/standard.ftl"
 2021-10-01 22:21:56,816 DEBUG [main] cache:45 - "test-view/standard.ftl"("en", UTF-8, parsed) cached copy not yet stale; using cached.
 2021-10-01 22:21:56,818 DEBUG [main] cache:45 - "test-view/standard.ftl"("en", UTF-8, parsed) cached copy not yet stale; using cached.
 2021-10-01 22:21:56,820 DEBUG [main] cache:45 - Couldn't find template in cache for "category-view/category-view.ftl"("en", UTF-8, parsed); will try to load it.
 2021-10-01 22:21:56,821 DEBUG [main] cache:45 - TemplateLoader.findTemplateSource("category-view/category-view_en.ftl"): Not found
 2021-10-01 22:21:56,822 DEBUG [main] cache:45 - TemplateLoader.findTemplateSource("category-view/category-view.ftl"): Found
 2021-10-01 22:21:56,823 DEBUG [main] cache:45 - Loading template for "category-view/category-view.ftl"("en", UTF-8, parsed) from "jar:file:/C:/Users/Gangadhar%20Vemoori/.m2/repository/com/aventstack/extentreports/3.1.5/extentreports-3.1.5.jar!/com/aventstack/extentreports/view/html-report/category-view/category-view.ftl"
 2021-10-01 22:21:56,835 DEBUG [main] cache:45 - Couldn't find template in cache for "author-view/author-view.ftl"("en", UTF-8, parsed); will try to load it.
 2021-10-01 22:21:56,836 DEBUG [main] cache:45 - TemplateLoader.findTemplateSource("author-view/author-view_en.ftl"): Not found
 2021-10-01 22:21:56,838 DEBUG [main] cache:45 - TemplateLoader.findTemplateSource("author-view/author-view.ftl"): Found
 2021-10-01 22:21:56,838 DEBUG [main] cache:45 - Loading template for "author-view/author-view.ftl"("en", UTF-8, parsed) from "jar:file:/C:/Users/Gangadhar%20Vemoori/.m2/repository/com/aventstack/extentreports/3.1.5/extentreports-3.1.5.jar!/com/aventstack/extentreports/view/html-report/author-view/author-view.ftl"
 2021-10-01 22:21:56,850 DEBUG [main] cache:45 - Couldn't find template in cache for "exception-view/exception-view.ftl"("en", UTF-8, parsed); will try to load it.
 2021-10-01 22:21:56,851 DEBUG [main] cache:45 - TemplateLoader.findTemplateSource("exception-view/exception-view_en.ftl"): Not found
 2021-10-01 22:21:56,854 DEBUG [main] cache:45 - TemplateLoader.findTemplateSource("exception-view/exception-view.ftl"): Found
 2021-10-01 22:21:56,855 DEBUG [main] cache:45 - Loading template for "exception-view/exception-view.ftl"("en", UTF-8, parsed) from "jar:file:/C:/Users/Gangadhar%20Vemoori/.m2/repository/com/aventstack/extentreports/3.1.5/extentreports-3.1.5.jar!/com/aventstack/extentreports/view/html-report/exception-view/exception-view.ftl"
 2021-10-01 22:21:56,863 DEBUG [main] cache:45 - Couldn't find template in cache for "dashboard-view/dashboard-view.ftl"("en", UTF-8, parsed); will try to load it.
 2021-10-01 22:21:56,865 DEBUG [main] cache:45 - TemplateLoader.findTemplateSource("dashboard-view/dashboard-view_en.ftl"): Not found
 2021-10-01 22:21:56,867 DEBUG [main] cache:45 - TemplateLoader.findTemplateSource("dashboard-view/dashboard-view.ftl"): Found
 2021-10-01 22:21:56,870 DEBUG [main] cache:45 - Loading template for "dashboard-view/dashboard-view.ftl"("en", UTF-8, parsed) from "jar:file:/C:/Users/Gangadhar%20Vemoori/.m2/repository/com/aventstack/extentreports/3.1.5/extentreports-3.1.5.jar!/com/aventstack/extentreports/view/html-report/dashboard-view/dashboard-view.ftl"
 2021-10-01 22:21:56,890 DEBUG [main] cache:45 - Couldn't find template in cache for "logs-view/testrunner-logs-view.ftl"("en", UTF-8, parsed); will try to load it.
 2021-10-01 22:21:56,892 DEBUG [main] cache:45 - TemplateLoader.findTemplateSource("logs-view/testrunner-logs-view_en.ftl"): Not found
 2021-10-01 22:21:56,913 DEBUG [main] cache:45 - TemplateLoader.findTemplateSource("logs-view/testrunner-logs-view.ftl"): Found
 2021-10-01 22:21:56,914 DEBUG [main] cache:45 - Loading template for "logs-view/testrunner-logs-view.ftl"("en", UTF-8, parsed) from "jar:file:/C:/Users/Gangadhar%20Vemoori/.m2/repository/com/aventstack/extentreports/3.1.5/extentreports-3.1.5.jar!/com/aventstack/extentreports/view/html-report/logs-view/testrunner-logs-view.ftl"
 2021-10-01 22:27:50,118  INFO [main] inetBankingV1:34 - Login pass
 2021-10-01 22:28:01,681  INFO [main] inetBankingV1:34 - Login pass
 2021-10-01 22:28:09,070 DEBUG [main] cache:45 - Couldn't find template in cache for "index.ftl"("en", UTF-8, parsed); will try to load it.
 2021-10-01 22:28:09,072 DEBUG [main] cache:45 - TemplateLoader.findTemplateSource("index_en.ftl"): Not found
 2021-10-01 22:28:09,075 DEBUG [main] cache:45 - TemplateLoader.findTemplateSource("index.ftl"): Found
 2021-10-01 22:28:09,075 DEBUG [main] cache:45 - Loading template for "index.ftl"("en", UTF-8, parsed) from "jar:file:/C:/Users/Gangadhar%20Vemoori/.m2/repository/com/aventstack/extentreports/3.1.5/extentreports-3.1.5.jar!/com/aventstack/extentreports/view/html-report/index.ftl"
 2021-10-01 22:28:09,329 DEBUG [main] cache:45 - Couldn't find template in cache for "head.ftl"("en", UTF-8, parsed); will try to load it.
 2021-10-01 22:28:09,331 DEBUG [main] cache:45 - TemplateLoader.findTemplateSource("head_en.ftl"): Not found
 2021-10-01 22:28:09,333 DEBUG [main] cache:45 - TemplateLoader.findTemplateSource("head.ftl"): Found
 2021-10-01 22:28:09,333 DEBUG [main] cache:45 - Loading template for "head.ftl"("en", UTF-8, parsed) from "jar:file:/C:/Users/Gangadhar%20Vemoori/.m2/repository/com/aventstack/extentreports/3.1.5/extentreports-3.1.5.jar!/com/aventstack/extentreports/view/html-report/head.ftl"
 2021-10-01 22:28:09,338 DEBUG [main] cache:45 - Couldn't find template in cache for "nav.ftl"("en", UTF-8, parsed); will try to load it.
 2021-10-01 22:28:09,339 DEBUG [main] cache:45 - TemplateLoader.findTemplateSource("nav_en.ftl"): Not found
 2021-10-01 22:28:09,340 DEBUG [main] cache:45 - TemplateLoader.findTemplateSource("nav.ftl"): Found
 2021-10-01 22:28:09,341 DEBUG [main] cache:45 - Loading template for "nav.ftl"("en", UTF-8, parsed) from "jar:file:/C:/Users/Gangadhar%20Vemoori/.m2/repository/com/aventstack/extentreports/3.1.5/extentreports-3.1.5.jar!/com/aventstack/extentreports/view/html-report/nav.ftl"
 2021-10-01 22:28:09,356 DEBUG [main] cache:45 - Couldn't find template in cache for "test-view/test-view.ftl"("en", UTF-8, parsed); will try to load it.
 2021-10-01 22:28:09,357 DEBUG [main] cache:45 - TemplateLoader.findTemplateSource("test-view/test-view_en.ftl"): Not found
 2021-10-01 22:28:09,360 DEBUG [main] cache:45 - TemplateLoader.findTemplateSource("test-view/test-view.ftl"): Found
 2021-10-01 22:28:09,361 DEBUG [main] cache:45 - Loading template for "test-view/test-view.ftl"("en", UTF-8, parsed) from "jar:file:/C:/Users/Gangadhar%20Vemoori/.m2/repository/com/aventstack/extentreports/3.1.5/extentreports-3.1.5.jar!/com/aventstack/extentreports/view/html-report/test-view/test-view.ftl"
 2021-10-01 22:28:09,377 DEBUG [main] cache:45 - Couldn't find template in cache for "test-view/test-view-charts.ftl"("en", UTF-8, parsed); will try to load it.
 2021-10-01 22:28:09,379 DEBUG [main] cache:45 - TemplateLoader.findTemplateSource("test-view/test-view-charts_en.ftl"): Not found
 2021-10-01 22:28:09,380 DEBUG [main] cache:45 - TemplateLoader.findTemplateSource("test-view/test-view-charts.ftl"): Found
 2021-10-01 22:28:09,381 DEBUG [main] cache:45 - Loading template for "test-view/test-view-charts.ftl"("en", UTF-8, parsed) from "jar:file:/C:/Users/Gangadhar%20Vemoori/.m2/repository/com/aventstack/extentreports/3.1.5/extentreports-3.1.5.jar!/com/aventstack/extentreports/view/html-report/test-view/test-view-charts.ftl"
 2021-10-01 22:28:09,420 DEBUG [main] cache:45 - Couldn't find template in cache for "test-view/standard.ftl"("en", UTF-8, parsed); will try to load it.
 2021-10-01 22:28:09,422 DEBUG [main] cache:45 - TemplateLoader.findTemplateSource("test-view/standard_en.ftl"): Not found
 2021-10-01 22:28:09,422 DEBUG [main] cache:45 - TemplateLoader.findTemplateSource("test-view/standard.ftl"): Found
 2021-10-01 22:28:09,423 DEBUG [main] cache:45 - Loading template for "test-view/standard.ftl"("en", UTF-8, parsed) from "jar:file:/C:/Users/Gangadhar%20Vemoori/.m2/repository/com/aventstack/extentreports/3.1.5/extentreports-3.1.5.jar!/com/aventstack/extentreports/view/html-report/test-view/standard.ftl"
 2021-10-01 22:28:09,457 DEBUG [main] cache:45 - "test-view/standard.ftl"("en", UTF-8, parsed) cached copy not yet stale; using cached.
 2021-10-01 22:28:09,460 DEBUG [main] cache:45 - "test-view/standard.ftl"("en", UTF-8, parsed) cached copy not yet stale; using cached.
 2021-10-01 22:28:09,462 DEBUG [main] cache:45 - Couldn't find template in cache for "category-view/category-view.ftl"("en", UTF-8, parsed); will try to load it.
 2021-10-01 22:28:09,463 DEBUG [main] cache:45 - TemplateLoader.findTemplateSource("category-view/category-view_en.ftl"): Not found
 2021-10-01 22:28:09,466 DEBUG [main] cache:45 - TemplateLoader.findTemplateSource("category-view/category-view.ftl"): Found
 2021-10-01 22:28:09,467 DEBUG [main] cache:45 - Loading template for "category-view/category-view.ftl"("en", UTF-8, parsed) from "jar:file:/C:/Users/Gangadhar%20Vemoori/.m2/repository/com/aventstack/extentreports/3.1.5/extentreports-3.1.5.jar!/com/aventstack/extentreports/view/html-report/category-view/category-view.ftl"
 2021-10-01 22:28:09,484 DEBUG [main] cache:45 - Couldn't find template in cache for "author-view/author-view.ftl"("en", UTF-8, parsed); will try to load it.
 2021-10-01 22:28:09,485 DEBUG [main] cache:45 - TemplateLoader.findTemplateSource("author-view/author-view_en.ftl"): Not found
 2021-10-01 22:28:09,488 DEBUG [main] cache:45 - TemplateLoader.findTemplateSource("author-view/author-view.ftl"): Found
 2021-10-01 22:28:09,489 DEBUG [main] cache:45 - Loading template for "author-view/author-view.ftl"("en", UTF-8, parsed) from "jar:file:/C:/Users/Gangadhar%20Vemoori/.m2/repository/com/aventstack/extentreports/3.1.5/extentreports-3.1.5.jar!/com/aventstack/extentreports/view/html-report/author-view/author-view.ftl"
 2021-10-01 22:28:09,498 DEBUG [main] cache:45 - Couldn't find template in cache for "exception-view/exception-view.ftl"("en", UTF-8, parsed); will try to load it.
 2021-10-01 22:28:09,500 DEBUG [main] cache:45 - TemplateLoader.findTemplateSource("exception-view/exception-view_en.ftl"): Not found
 2021-10-01 22:28:09,501 DEBUG [main] cache:45 - TemplateLoader.findTemplateSource("exception-view/exception-view.ftl"): Found
 2021-10-01 22:28:09,503 DEBUG [main] cache:45 - Loading template for "exception-view/exception-view.ftl"("en", UTF-8, parsed) from "jar:file:/C:/Users/Gangadhar%20Vemoori/.m2/repository/com/aventstack/extentreports/3.1.5/extentreports-3.1.5.jar!/com/aventstack/extentreports/view/html-report/exception-view/exception-view.ftl"
 2021-10-01 22:28:09,511 DEBUG [main] cache:45 - Couldn't find template in cache for "dashboard-view/dashboard-view.ftl"("en", UTF-8, parsed); will try to load it.
 2021-10-01 22:28:09,512 DEBUG [main] cache:45 - TemplateLoader.findTemplateSource("dashboard-view/dashboard-view_en.ftl"): Not found
 2021-10-01 22:28:09,514 DEBUG [main] cache:45 - TemplateLoader.findTemplateSource("dashboard-view/dashboard-view.ftl"): Found
 2021-10-01 22:28:09,516 DEBUG [main] cache:45 - Loading template for "dashboard-view/dashboard-view.ftl"("en", UTF-8, parsed) from "jar:file:/C:/Users/Gangadhar%20Vemoori/.m2/repository/com/aventstack/extentreports/3.1.5/extentreports-3.1.5.jar!/com/aventstack/extentreports/view/html-report/dashboard-view/dashboard-view.ftl"
 2021-10-01 22:28:09,545 DEBUG [main] cache:45 - Couldn't find template in cache for "logs-view/testrunner-logs-view.ftl"("en", UTF-8, parsed); will try to load it.
 2021-10-01 22:28:09,546 DEBUG [main] cache:45 - TemplateLoader.findTemplateSource("logs-view/testrunner-logs-view_en.ftl"): Not found
 2021-10-01 22:28:09,548 DEBUG [main] cache:45 - TemplateLoader.findTemplateSource("logs-view/testrunner-logs-view.ftl"): Found
 2021-10-01 22:28:09,549 DEBUG [main] cache:45 - Loading template for "logs-view/testrunner-logs-view.ftl"("en", UTF-8, parsed) from "jar:file:/C:/Users/Gangadhar%20Vemoori/.m2/repository/com/aventstack/extentreports/3.1.5/extentreports-3.1.5.jar!/com/aventstack/extentreports/view/html-report/logs-view/testrunner-logs-view.ftl"
 2021-10-01 22:30:32,530  INFO [main] inetBankingV1:34 - Login pass
 2021-10-01 22:30:43,146  INFO [main] inetBankingV1:34 - Login pass
 2021-10-02 16:53:58,874  INFO [main] inetBankingV1:18 - URL is open on browser
 2021-10-02 16:53:59,150  INFO [main] inetBankingV1:23 - Entered username
 2021-10-02 16:53:59,304  INFO [main] inetBankingV1:25 - Entered password
 2021-10-02 16:54:00,912  INFO [main] inetBankingV1:27 - Logged in to application
 2021-10-02 16:54:00,964  INFO [main] inetBankingV1:34 - LoginTest Passed
 2021-10-02 16:54:11,161  INFO [main] inetBankingV1:34 - Login pass
 2021-10-02 16:54:21,472  INFO [main] inetBankingV1:34 - Login pass
 2021-10-03 10:53:31,881  INFO [main] inetBankingV1:18 - URL is open on browser
 2021-10-03 10:53:32,290  INFO [main] inetBankingV1:23 - Entered username
 2021-10-03 10:53:32,561  INFO [main] inetBankingV1:25 - Entered password
 2021-10-03 10:53:34,071  INFO [main] inetBankingV1:27 - Logged in to application
 2021-10-03 10:53:34,102  INFO [main] inetBankingV1:34 - LoginTest Passed
 2021-10-03 10:53:49,743  INFO [main] inetBankingV1:34 - Login pass
 2021-10-03 10:54:00,823  INFO [main] inetBankingV1:34 - Login pass
 2021-10-03 11:06:11,476  INFO [main] inetBankingV1:18 - URL is open on browser
 2021-10-03 11:06:11,822  INFO [main] inetBankingV1:23 - Entered username
 2021-10-03 11:06:11,989  INFO [main] inetBankingV1:25 - Entered password
 2021-10-03 11:06:13,868  INFO [main] inetBankingV1:27 - Logged in to application
 2021-10-03 11:06:13,917  INFO [main] inetBankingV1:34 - LoginTest Passed
 2021-10-03 11:06:27,873  INFO [main] inetBankingV1:34 - Login pass
 2021-10-03 11:06:40,191  WARN [main] inetBankingV1:29 - Login Failed
 2021-10-03 11:06:41,667  INFO [main] inetBankingV1:34 - Login pass
 2021-10-03 12:21:13,055  INFO [main] inetBankingV1:18 - URL is open on browser
 2021-10-03 12:21:13,965  INFO [main] inetBankingV1:23 - Entered username
 2021-10-03 12:21:14,161  INFO [main] inetBankingV1:25 - Entered password
 2021-10-03 12:21:15,838  INFO [main] inetBankingV1:27 - Logged in to application
 2021-10-03 12:21:15,883  INFO [main] inetBankingV1:34 - LoginTest Passed
 2021-10-03 12:21:27,026  INFO [main] inetBankingV1:34 - Login pass
 2021-10-03 12:21:39,992  WARN [main] inetBankingV1:29 - Login Failed
 2021-10-03 12:21:41,505  INFO [main] inetBankingV1:34 - Login pass
 